[02/Oct/2024 11:03:21] "GET / HTTP/1.1" 200 328
[02/Oct/2024 11:03:21] "GET /static/css/main.css HTTP/1.1" 200 0
[02/Oct/2024 11:03:21] "GET /static/bundles/main-4e87324519b622e88b5a.js HTTP/1.1" 200 762605
Error: That port is already in use.
Error: That port is already in use.
Error: That port is already in use.
[02/Oct/2024 12:02:00] "GET /admin/login/?next=/admin/ HTTP/1.1" 200 1679
[02/Oct/2024 12:02:00] "GET /static/admin/css/login.css HTTP/1.1" 200 1203
[02/Oct/2024 12:02:00] "GET /static/admin/css/base.css HTTP/1.1" 200 15897
[02/Oct/2024 12:02:00] "GET /static/admin/css/fonts.css HTTP/1.1" 200 423
[02/Oct/2024 12:02:00] "GET /static/admin/fonts/Roboto-Regular-webfont.woff HTTP/1.1" 200 80304
[02/Oct/2024 12:02:00] "GET /static/admin/fonts/Roboto-Light-webfont.woff HTTP/1.1" 200 81348
[02/Oct/2024 12:02:02] "GET /admin/login/?next=/admin/ HTTP/1.1" 200 1679
[02/Oct/2024 12:02:03] "POST /admin/login/?next=/admin/ HTTP/1.1" 200 1858
[02/Oct/2024 12:02:03] "GET /static/admin/fonts/Roboto-Bold-webfont.woff HTTP/1.1" 200 82564
[02/Oct/2024 12:02:05] "POST /admin/login/?next=/admin/ HTTP/1.1" 200 1858
[02/Oct/2024 12:02:32] "GET /admin/login/?next=/admin/ HTTP/1.1" 200 1679
[02/Oct/2024 12:03:37] "GET /admin/login/?next=/admin/ HTTP/1.1" 200 1679
[02/Oct/2024 12:04:31] "GET /admin/login/?next=/admin/ HTTP/1.1" 200 1679
[02/Oct/2024 12:04:38] "POST /admin/login/?next=/admin/ HTTP/1.1" 302 0
[02/Oct/2024 12:04:38] "GET /admin/ HTTP/1.1" 200 2779
[02/Oct/2024 12:04:38] "GET /static/admin/css/dashboard.css HTTP/1.1" 200 434
[02/Oct/2024 12:04:38] "GET /static/admin/img/icon-changelink.svg HTTP/1.1" 200 380
[02/Oct/2024 12:04:38] "GET /static/admin/img/icon-addlink.svg HTTP/1.1" 200 331
[02/Oct/2024 12:05:11] "GET /api/ HTTP/1.1" 403 4517
[02/Oct/2024 12:05:11] "GET /static/rest_framework/css/prettify.css HTTP/1.1" 200 817
[02/Oct/2024 12:05:11] "GET /static/rest_framework/css/default.css HTTP/1.1" 200 1132
[02/Oct/2024 12:05:11] "GET /static/rest_framework/css/bootstrap-tweaks.css HTTP/1.1" 200 3399
[02/Oct/2024 12:05:11] "GET /static/rest_framework/js/ajax-form.js HTTP/1.1" 200 2876
[02/Oct/2024 12:05:11] "GET /static/rest_framework/js/csrf.js HTTP/1.1" 200 1723
[02/Oct/2024 12:05:11] "GET /static/rest_framework/js/prettify-min.js HTTP/1.1" 200 13632
[02/Oct/2024 12:05:11] "GET /static/rest_framework/css/bootstrap.min.css HTTP/1.1" 200 122540
[02/Oct/2024 12:05:11] "GET /static/rest_framework/js/default.js HTTP/1.1" 200 1262
[02/Oct/2024 12:05:11] "GET /static/rest_framework/js/jquery-1.12.4.min.js HTTP/1.1" 200 97163
[02/Oct/2024 12:05:11] "GET /static/rest_framework/js/bootstrap.min.js HTTP/1.1" 200 36816
[02/Oct/2024 12:05:11] "GET /static/rest_framework/img/grid.png HTTP/1.1" 200 1458
[02/Oct/2024 12:05:12] "GET /favicon.ico HTTP/1.1" 200 328
[02/Oct/2024 12:05:13] "GET /api/ HTTP/1.1" 403 4517
[02/Oct/2024 12:05:13] "GET /favicon.ico HTTP/1.1" 200 328
[02/Oct/2024 12:05:18] "GET /api/users HTTP/1.1" 200 328
[02/Oct/2024 12:05:18] "GET /static/css/main.css HTTP/1.1" 304 0
[02/Oct/2024 12:05:18] "GET /static/bundles/main-634bf5bed2698767fe67.js HTTP/1.1" 200 1570
[02/Oct/2024 12:05:18] "GET /favicon.ico HTTP/1.1" 200 328
[02/Oct/2024 12:05:27] "GET /api/users HTTP/1.1" 200 328
[02/Oct/2024 12:05:27] "GET /static/css/main.css HTTP/1.1" 304 0
[02/Oct/2024 12:05:27] "GET /static/bundles/main-634bf5bed2698767fe67.js HTTP/1.1" 200 1570
[02/Oct/2024 12:05:45] "GET /api/users/ HTTP/1.1" 200 4973
[02/Oct/2024 12:05:45] "GET /static/rest_framework/css/prettify.css HTTP/1.1" 200 817
[02/Oct/2024 12:05:45] "GET /static/rest_framework/css/default.css HTTP/1.1" 200 1132
[02/Oct/2024 12:05:45] "GET /static/rest_framework/js/ajax-form.js HTTP/1.1" 200 2876
[02/Oct/2024 12:05:45] "GET /static/rest_framework/css/bootstrap-tweaks.css HTTP/1.1" 200 3399
[02/Oct/2024 12:05:45] "GET /static/rest_framework/css/bootstrap.min.css HTTP/1.1" 200 122540
[02/Oct/2024 12:05:45] "GET /static/rest_framework/js/csrf.js HTTP/1.1" 200 1723
[02/Oct/2024 12:05:45] "GET /static/rest_framework/js/default.js HTTP/1.1" 200 1262
[02/Oct/2024 12:05:45] "GET /static/rest_framework/js/jquery-1.12.4.min.js HTTP/1.1" 200 97163
[02/Oct/2024 12:05:45] "GET /static/rest_framework/js/prettify-min.js HTTP/1.1" 200 13632
[02/Oct/2024 12:05:45] "GET /static/rest_framework/js/bootstrap.min.js HTTP/1.1" 200 36816
[02/Oct/2024 12:05:45] "GET /static/rest_framework/img/grid.png HTTP/1.1" 200 1458
